#
# There is insufficient memory for the Java Runtime Environment to continue.
# Native memory allocation (mmap) failed to map 268435456 bytes for G1 virtual space
# Possible reasons:
#   The system is out of physical RAM or swap space
#   The process is running with CompressedOops enabled, and the Java Heap may be blocking the growth of the native heap
# Possible solutions:
#   Reduce memory load on the system
#   Increase physical memory or swap space
#   Check if swap backing store is full
#   Decrease Java heap size (-Xmx/-Xms)
#   Decrease number of Java threads
#   Decrease Java thread stack sizes (-Xss)
#   Set larger code cache with -XX:ReservedCodeCacheSize=
#   JVM is running with Zero Based Compressed Oops mode in which the Java heap is
#     placed in the first 32GB address space. The Java Heap base address is the
#     maximum limit for the native heap growth. Please use -XX:HeapBaseMinAddress
#     to set the Java Heap base and to place the Java Heap above 32GB virtual address.
# This output file may be truncated or incomplete.
#
#  Out of Memory Error (os_windows.cpp:3771), pid=8152, tid=18560
#
# JRE version:  (17.0.7+10) (build )
# Java VM: OpenJDK 64-Bit Server VM (17.0.7+10-b829.16, mixed mode, sharing, tiered, compressed oops, compressed class ptrs, g1 gc, windows-amd64)
# No core dump will be written. Minidumps are not enabled by default on client versions of Windows
#

---------------  S U M M A R Y ------------

Command Line: git4idea.http.GitAskPassApp Username for 'https://github.com': 

Host: Intel(R) Core(TM) i7-9750H CPU @ 2.60GHz, 12 cores, 15G,  Windows 11 , 64 bit Build 22621 (10.0.22621.2070)
Time: Thu Aug 17 13:18:34 2023 Turkey Standard Time elapsed time: 0.181554 seconds (0d 0h 0m 0s)

---------------  T H R E A D  ---------------

Current thread (0x000002471c98c7b0):  JavaThread "Unknown thread" [_thread_in_vm, id=18560, stack(0x000000e2a6700000,0x000000e2a6800000)]

Stack: [0x000000e2a6700000,0x000000e2a6800000]
Native frames: (J=compiled Java code, j=interpreted, Vv=VM code, C=native code)
V  [jvm.dll+0x683cca]
V  [jvm.dll+0x8424b4]
V  [jvm.dll+0x843cae]
V  [jvm.dll+0x844313]
V  [jvm.dll+0x24ad2f]
V  [jvm.dll+0x680b99]
V  [jvm.dll+0x67526a]
V  [jvm.dll+0x30b3cb]
V  [jvm.dll+0x312876]
V  [jvm.dll+0x36221e]
V  [jvm.dll+0x36244f]
V  [jvm.dll+0x2e14a8]
V  [jvm.dll+0x2e2414]
V  [jvm.dll+0x814441]
V  [jvm.dll+0x36ffe1]
V  [jvm.dll+0x7f3a1c]
V  [jvm.dll+0x3f305f]
V  [jvm.dll+0x3f4b91]
C  [jli.dll+0x528f]
C  [ucrtbase.dll+0x29363]
C  [KERNEL32.DLL+0x126ad]
C  [ntdll.dll+0x5aa68]


---------------  P R O C E S S  ---------------

Threads class SMR info:
_java_thread_list=0x00007ffaae1eb098, length=0, elements={
}

Java Threads: ( => current thread )

Other Threads:
  0x000002471c9f8af0 GCTaskThread "GC Thread#0" [stack: 0x000000e2a6800000,0x000000e2a6900000] [id=27624]
  0x000002471ca099a0 ConcurrentGCThread "G1 Main Marker" [stack: 0x000000e2a6900000,0x000000e2a6a00000] [id=24056]
  0x000002471ca0bb60 ConcurrentGCThread "G1 Conc#0" [stack: 0x000000e2a6a00000,0x000000e2a6b00000] [id=8136]

[error occurred during error reporting (printing all threads), id 0xc0000005, EXCEPTION_ACCESS_VIOLATION (0xc0000005) at pc=0x00007ffaad9a2087]

VM state: not at safepoint (not fully initialized)

VM Mutex/Monitor currently owned by a thread:  ([mutex/lock_event])
[0x000002471c9863a0] Heap_lock - owner thread: 0x000002471c98c7b0

Heap address: 0x0000000701e00000, size: 4066 MB, Compressed Oops mode: Zero based, Oop shift amount: 3

CDS archive(s) mapped at: [0x0000000000000000-0x0000000000000000-0x0000000000000000), size 0, SharedBaseAddress: 0x0000000800000000, ArchiveRelocationMode: 0.
Narrow klass base: 0x0000000000000000, Narrow klass shift: 0, Narrow klass range: 0x0

GC Precious Log:
<Empty>

Heap:
 garbage-first heap   total 0K, used 0K [0x0000000701e00000, 0x0000000800000000)
  region size 2048K, 0 young (0K), 0 survivors (0K)

[error occurred during error reporting (printing heap information), id 0xc0000005, EXCEPTION_ACCESS_VIOLATION (0xc0000005) at pc=0x00007ffaadd8df59]

GC Heap History (0 events):
No events

Dll operation events (1 events):
Event: 0.010 Loaded shared library D:\Program Files\JetBrains\PyCharm 2023.1.3\jbr\bin\java.dll

Deoptimization events (0 events):
No events

Classes unloaded (0 events):
No events

Classes redefined (0 events):
No events

Internal exceptions (0 events):
No events

VM Operations (0 events):
No events

Events (0 events):
No events


Dynamic libraries:
0x00007ff6d4700000 - 0x00007ff6d470a000 	D:\Program Files\JetBrains\PyCharm 2023.1.3\jbr\bin\java.exe
0x00007ffb5eb70000 - 0x00007ffb5ed84000 	C:\WINDOWS\SYSTEM32\ntdll.dll
0x00007ffb5e350000 - 0x00007ffb5e414000 	C:\WINDOWS\System32\KERNEL32.DLL
0x00007ffb5c550000 - 0x00007ffb5c8f4000 	C:\WINDOWS\System32\KERNELBASE.dll
0x00007ffb5c250000 - 0x00007ffb5c361000 	C:\WINDOWS\System32\ucrtbase.dll
0x00007ffb48d50000 - 0x00007ffb48d67000 	D:\Program Files\JetBrains\PyCharm 2023.1.3\jbr\bin\jli.dll
0x00007ffb42e40000 - 0x00007ffb42e5b000 	D:\Program Files\JetBrains\PyCharm 2023.1.3\jbr\bin\VCRUNTIME140.dll
0x00007ffb5e1a0000 - 0x00007ffb5e34a000 	C:\WINDOWS\System32\USER32.dll
0x00007ffb5c900000 - 0x00007ffb5c926000 	C:\WINDOWS\System32\win32u.dll
0x00007ffb5d960000 - 0x00007ffb5d989000 	C:\WINDOWS\System32\GDI32.dll
0x00007ffb5b160000 - 0x00007ffb5b3ef000 	C:\WINDOWS\WinSxS\amd64_microsoft.windows.common-controls_6595b64144ccf1df_6.0.22621.2070_none_2713e6537381f706\COMCTL32.dll
0x00007ffb5c370000 - 0x00007ffb5c489000 	C:\WINDOWS\System32\gdi32full.dll
0x00007ffb5d9a0000 - 0x00007ffb5da47000 	C:\WINDOWS\System32\msvcrt.dll
0x00007ffb5c130000 - 0x00007ffb5c1ca000 	C:\WINDOWS\System32\msvcp_win.dll
0x00007ffb5e600000 - 0x00007ffb5e631000 	C:\WINDOWS\System32\IMM32.DLL
0x00007ffb48eb0000 - 0x00007ffb48ebc000 	D:\Program Files\JetBrains\PyCharm 2023.1.3\jbr\bin\vcruntime140_1.dll
0x00007ffb23670000 - 0x00007ffb236fd000 	D:\Program Files\JetBrains\PyCharm 2023.1.3\jbr\bin\msvcp140.dll
0x00007ffaad6b0000 - 0x00007ffaae31e000 	D:\Program Files\JetBrains\PyCharm 2023.1.3\jbr\bin\server\jvm.dll
0x00007ffb5ea80000 - 0x00007ffb5eb30000 	C:\WINDOWS\System32\ADVAPI32.dll
0x00007ffb5e420000 - 0x00007ffb5e4c6000 	C:\WINDOWS\System32\sechost.dll
0x00007ffb5c930000 - 0x00007ffb5ca47000 	C:\WINDOWS\System32\RPCRT4.dll
0x00007ffb32f50000 - 0x00007ffb32f59000 	C:\WINDOWS\SYSTEM32\WSOCK32.dll
0x00007ffb537d0000 - 0x00007ffb53804000 	C:\WINDOWS\SYSTEM32\WINMM.dll
0x00007ffb51980000 - 0x00007ffb5198a000 	C:\WINDOWS\SYSTEM32\VERSION.dll
0x00007ffb5d2c0000 - 0x00007ffb5d331000 	C:\WINDOWS\System32\WS2_32.dll
0x00007ffb5a880000 - 0x00007ffb5a898000 	C:\WINDOWS\SYSTEM32\kernel.appcore.dll
0x00007ffb49220000 - 0x00007ffb4922a000 	D:\Program Files\JetBrains\PyCharm 2023.1.3\jbr\bin\jimage.dll
0x00007ffb5b8d0000 - 0x00007ffb5bafe000 	C:\WINDOWS\SYSTEM32\DBGHELP.DLL
0x00007ffb5d340000 - 0x00007ffb5d6ca000 	C:\WINDOWS\System32\combase.dll
0x00007ffb5e800000 - 0x00007ffb5e8d7000 	C:\WINDOWS\System32\OLEAUT32.dll
0x00007ffb5b720000 - 0x00007ffb5b752000 	C:\WINDOWS\SYSTEM32\dbgcore.DLL
0x00007ffb5c1d0000 - 0x00007ffb5c24a000 	C:\WINDOWS\System32\bcryptPrimitives.dll
0x00007ffb48e30000 - 0x00007ffb48e55000 	D:\Program Files\JetBrains\PyCharm 2023.1.3\jbr\bin\java.dll

dbghelp: loaded successfully - version: 4.0.5 - missing functions: none
symbol engine: initialized successfully - sym options: 0x614 - pdb path: .;D:\Program Files\JetBrains\PyCharm 2023.1.3\jbr\bin;C:\WINDOWS\SYSTEM32;C:\WINDOWS\WinSxS\amd64_microsoft.windows.common-controls_6595b64144ccf1df_6.0.22621.2070_none_2713e6537381f706;D:\Program Files\JetBrains\PyCharm 2023.1.3\jbr\bin\server

VM Arguments:
java_command: git4idea.http.GitAskPassApp Username for 'https://github.com': 
java_class_path (initial): D:/Program Files/JetBrains/PyCharm 2023.1.3/plugins/vcs-git/lib/git4idea-rt.jar;D:/Program Files/JetBrains/PyCharm 2023.1.3/lib/externalProcess-rt.jar
Launcher Type: SUN_STANDARD

[Global flags]
     intx CICompilerCount                          = 4                                         {product} {ergonomic}
     uint ConcGCThreads                            = 3                                         {product} {ergonomic}
     uint G1ConcRefinementThreads                  = 10                                        {product} {ergonomic}
   size_t G1HeapRegionSize                         = 2097152                                   {product} {ergonomic}
    uintx GCDrainStackTargetSize                   = 64                                        {product} {ergonomic}
   size_t InitialHeapSize                          = 268435456                                 {product} {ergonomic}
   size_t MarkStackSize                            = 4194304                                   {product} {ergonomic}
   size_t MaxHeapSize                              = 4263510016                                {product} {ergonomic}
   size_t MinHeapDeltaBytes                        = 2097152                                   {product} {ergonomic}
   size_t MinHeapSize                              = 8388608                                   {product} {ergonomic}
    uintx NonNMethodCodeHeapSize                   = 5839372                                {pd product} {ergonomic}
    uintx NonProfiledCodeHeapSize                  = 122909434                              {pd product} {ergonomic}
    uintx ProfiledCodeHeapSize                     = 122909434                              {pd product} {ergonomic}
    uintx ReservedCodeCacheSize                    = 251658240                              {pd product} {ergonomic}
     bool SegmentedCodeCache                       = true                                      {product} {ergonomic}
   size_t SoftMaxHeapSize                          = 4263510016                             {manageable} {ergonomic}
     bool UseCompressedClassPointers               = true                           {product lp64_product} {ergonomic}
     bool UseCompressedOops                        = true                           {product lp64_product} {ergonomic}
     bool UseG1GC                                  = true                                      {product} {ergonomic}
     bool UseLargePagesIndividualAllocation        = false                                  {pd product} {ergonomic}

Logging:
Log output configuration:
 #0: stdout all=warning uptime,level,tags
 #1: stderr all=off uptime,level,tags

Environment Variables:
PATH=C:\Program Files\Git\mingw64\libexec\git-core;C:\Program Files\Git\mingw64\libexec\git-core;C:\Program Files\Git\mingw64\bin;C:\Program Files\Git\usr\bin;C:\Users\oekuh\bin;C:\Windows\system32;C:\Windows;C:\Windows\System32\Wbem;C:\Windows\System32\WindowsPowerShell\v1.0;C:\Windows\System32\OpenSSH;C:\Program Files (x86)\NVIDIA Corporation\PhysX\Common;C:\Program Files\NVIDIA Corporation\NVIDIA NGX;C:\Program Files\NVIDIA Corporation\NVIDIA NvDLISR;C:\WINDOWS\system32;C:\WINDOWS;C:\WINDOWS\System32\Wbem;C:\WINDOWS\System32\WindowsPowerShell\v1.0;C:\WINDOWS\System32\OpenSSH;C:\Program Files\Microsoft SQL Server\150\Tools\Binn;C:\Program Files\Microsoft SQL Server\Client SDK\ODBC\170\Tools\Binn;C:\Program Files\dotnet;C:\Program Files\Git\cmd;C:\Program Files (x86)\Microsoft SQL Server\160\Tools\Binn;C:\Program Files\Microsoft SQL Server\160\Tools\Binn;C:\Program Files\Microsoft SQL Server\160\DTS\Binn;C:\Program Files (x86)\Microsoft SQL Server\160\DTS\Binn;C:\Program Files\Azure Data Studio\bin;C:\Program Files\nodejs;C:\Program Files\MySQL\MySQL Shell 8.0\bin;C:\Users\oekuh\AppData\Local\Microsoft\WindowsApps;C:\Users\oekuh\.dotnet\tools;C:\Users\oekuh\AppData\Roaming\Microsoft\Windows\Start Menu\Programs\Python 3.9;C:\Users\oekuh\AppData\Roaming\Microsoft\Windows\Start Menu\Programs\Python 3.9;C:\Program Files\Azure Data Studio\bin;D:\Microsoft VS Code\bin;C:\Users\oekuh\AppData\Roaming\npm
USERNAME=oekuh
DISPLAY=:0.0
LC_ALL=en_US.UTF-8
TERM=xterm-256color
TMPDIR=C:\Users\oekuh\AppData\Local\Temp
OS=Windows_NT
PROCESSOR_IDENTIFIER=Intel64 Family 6 Model 158 Stepping 10, GenuineIntel
TMP=C:\Users\oekuh\AppData\Local\Temp
TEMP=C:\Users\oekuh\AppData\Local\Temp


JNI global refs:

[error occurred during error reporting (JNI global references), id 0xc0000005, EXCEPTION_ACCESS_VIOLATION (0xc0000005) at pc=0x00007ffaad767fc0]


---------------  S Y S T E M  ---------------

OS:
 Windows 11 , 64 bit Build 22621 (10.0.22621.2070)
OS uptime: 3 days 20:53 hours

CPU: total 12 (initial active 12) (6 cores per cpu, 2 threads per core) family 6 model 158 stepping 10 microcode 0xde, cx8, cmov, fxsr, ht, mmx, 3dnowpref, sse, sse2, sse3, ssse3, sse4.1, sse4.2, popcnt, lzcnt, tsc, tscinvbit, avx, avx2, aes, erms, clmul, bmi1, bmi2, adx, fma, vzeroupper, clflush, clflushopt

Memory: 4k page, system-wide physical 16263M (4023M free)
TotalPageFile size 18311M (AvailPageFile size 167M)
current process WorkingSet (physical memory assigned to process): 11M, peak: 11M
current process commit charge ("private bytes"): 64M, peak: 320M

vm_info: OpenJDK 64-Bit Server VM (17.0.7+10-b829.16) for windows-amd64 JRE (17.0.7+10-b829.16), built on 2023-06-02 by "builduser" with MS VC++ 16.10 / 16.11 (VS2019)

END.
